[debug] [2025-07-21T02:38:21.536Z] ----------------------------------------------------------------------
[debug] [2025-07-21T02:38:21.538Z] Command:       C:\Program Files\nodejs\node.exe C:\Program Files\nodejs\node_modules\firebase-tools\lib\bin\firebase.js projects:create
[debug] [2025-07-21T02:38:21.539Z] CLI Version:   12.9.1
[debug] [2025-07-21T02:38:21.539Z] Platform:      win32
[debug] [2025-07-21T02:38:21.539Z] Node Version:  v18.19.1
[debug] [2025-07-21T02:38:21.541Z] Time:          Mon Jul 21 2025 05:38:21 GMT+0300 (Eastern European Summer Time)
[debug] [2025-07-21T02:38:21.542Z] ----------------------------------------------------------------------
[debug] 
[debug] [2025-07-21T02:38:21.549Z] > command requires scopes: ["email","openid","https://www.googleapis.com/auth/cloudplatformprojects.readonly","https://www.googleapis.com/auth/firebase","https://www.googleapis.com/auth/cloud-platform"]
[debug] [2025-07-21T02:38:21.550Z] > authorizing via signed-in user (omarelemam49141@gmail.com)
[debug] [2025-07-21T02:38:46.020Z] >>> [apiv2][query] POST https://cloudresourcemanager.googleapis.com/v1/projects [none]
[debug] [2025-07-21T02:38:46.020Z] >>> [apiv2][body] POST https://cloudresourcemanager.googleapis.com/v1/projects {"projectId":"491414","name":"Alheba-V-0"}
[debug] [2025-07-21T02:38:47.111Z] <<< [apiv2][status] POST https://cloudresourcemanager.googleapis.com/v1/projects 400
[debug] [2025-07-21T02:38:47.112Z] <<< [apiv2][body] POST https://cloudresourcemanager.googleapis.com/v1/projects {"error":{"code":400,"message":"field [project_id] has issue [project_id contains invalid characters]","status":"INVALID_ARGUMENT","details":[{"@type":"type.googleapis.com/google.rpc.BadRequest","fieldViolations":[{"field":"project_id","description":"project_id contains invalid characters"}]},{"@type":"type.googleapis.com/google.rpc.Help","links":[{"url":"https://cloud.google.com/resource-manager/reference/rest/v1/projects"}]}]}}
[debug] [2025-07-21T02:38:47.386Z] FirebaseError: HTTP Error: 400, field [project_id] has issue [project_id contains invalid characters]
    at responseToError (C:\Users\omare\AppData\Roaming\nvm\v18.19.1\node_modules\firebase-tools\lib\responseToError.js:49:12)
    at RetryOperation._fn (C:\Users\omare\AppData\Roaming\nvm\v18.19.1\node_modules\firebase-tools\lib\apiv2.js:285:77)
    at process.processTicksAndRejections (node:internal/process/task_queues:95:5)
[error] 
[error] Error: Failed to create project. See firebase-debug.log for more info.
